

Inicio de nueva sesion por: 

Id: 2 
Nombre: jhon lara 
Email: administrador@gmail.com 
Perfil:  
Alias: administrador 
Ip: 127.0.0.1 
Fecha: 2013-04-15 20:32:30 


Inicio de nueva sesion por: 

Id: 2 
Nombre: jhon lara 
Email: administrador@gmail.com 
Perfil:  
Alias: administrador 
Ip: 127.0.0.1 
Fecha: 2013-04-17 19:23:26 


Inicio de nueva sesion por: 

Id: 2 
Nombre: jhon lara 
Email: administrador@gmail.com 
Perfil:  
Alias: administrador 
Ip: 127.0.0.1 
Fecha: 2013-04-17 19:23:29 


Inicio de nueva sesion por: 

Id: 2 
Nombre: jhon lara 
Email: administrador@gmail.com 
Perfil:  
Alias: administrador 
Ip: 127.0.0.1 
Fecha: 2013-04-17 19:24:21 


Inicio de nueva sesion por: 

Id: 19 
Nombre: Johanna Gonzalez 
Email: johapineda7@gmail.com 
Perfil:  
Alias: jotagonza 
Ip: 127.0.0.1 
Fecha: 2014-10-16 19:17:19 
